<?xml version='1.0' encoding="UTF-8"?>
<!DOCTYPE guide SYSTEM "/dtd/guide.dtd">
<guide link="test-requests.xml">
<title>
	Gentoo/AMD64 Test Requests
</title>
<author title="Gentoo/AMD64 Project">
	<mail link="amd64@gentoo.org">Gentoo/AMD64 Project</mail>
</author>
<author>
	<mail link="kugelfang@gentoo.org">Danny van Dyk</mail>
</author>

<abstract>
This document lists special test cases which cannot be fulfilled by the members of this project,
e.g. testing hardware drivers.
</abstract>

<license/>

<version>1</version>
<date>2005-01-26</date>

<chapter>
	<title>Guidelines</title>
	<section>
		<title>Disclaimer</title>
		<body>
			<p>
				When testing hardware and/or software listed on this page, you may discover bugs that could
				break your system. Please perform these tests only if you're absolutely sure what you do!
			</p>
		</body>
	</section>
	<section>
		<title>Test-Instructions</title>
		<body>
			<p>
				Please keep in mind: When you fulfill any of the following test-requests, please be as detailed
				as possible when you report either success of failure of your testing efforts.
				The developer that requested the test completely relies on your judgement. 
			</p>
		</body>
	</section>
</chapter>

<chapter>
	<title>Test Requests</title>
	<section>
		<body>
			<table>
				<tr>
					<th>BUG #</th>
					<th>Developer</th>
					<th>Summary</th>
				</tr>
				<!-- LASTREQUEST !-->
			</table>
		</body>
	</section>
</chapter>
</guide>
